<?xml version="1.0" encoding="UTF-8"?>
<testsuite name="au.edu.sydney.cpa.erp.feaa.AllowedScopeTest" tests="22" skipped="0" failures="0" errors="0" timestamp="2020-05-13T23:50:36" hostname="DESKTOP-FLQN2VT" time="3.842">
  <properties/>
  <testcase name="testOrderStandardAudit" classname="au.edu.sydney.cpa.erp.feaa.AllowedScopeTest" time="2.211"/>
  <testcase name="getKnownContactMethods" classname="au.edu.sydney.cpa.erp.feaa.AllowedScopeTest" time="0.016"/>
  <testcase name="testOrderCriticalAudit" classname="au.edu.sydney.cpa.erp.feaa.AllowedScopeTest" time="0.028"/>
  <testcase name="testOrderStandardAuditSched" classname="au.edu.sydney.cpa.erp.feaa.AllowedScopeTest" time="0.03"/>
  <testcase name="testOrderCriticalRegularSched" classname="au.edu.sydney.cpa.erp.feaa.AllowedScopeTest" time="0.026"/>
  <testcase name="testOrderCriticalRegular" classname="au.edu.sydney.cpa.erp.feaa.AllowedScopeTest" time="0.016"/>
  <testcase name="testOrderStandardRegular" classname="au.edu.sydney.cpa.erp.feaa.AllowedScopeTest" time="0.023"/>
  <testcase name="testOrderStandardRegularSched" classname="au.edu.sydney.cpa.erp.feaa.AllowedScopeTest" time="0.021"/>
  <testcase name="testOrderCriticalAuditSched" classname="au.edu.sydney.cpa.erp.feaa.AllowedScopeTest" time="0.028"/>
  <testcase name="logout" classname="au.edu.sydney.cpa.erp.feaa.AllowedScopeTest" time="0.007"/>
  <testcase name="getOrderLongDesc" classname="au.edu.sydney.cpa.erp.feaa.AllowedScopeTest" time="0.038"/>
  <testcase name="getAllReports" classname="au.edu.sydney.cpa.erp.feaa.AllowedScopeTest" time="1.229"/>
  <testcase name="finaliseOrder" classname="au.edu.sydney.cpa.erp.feaa.AllowedScopeTest" time="0.054"/>
  <testcase name="getOrderTotalCost" classname="au.edu.sydney.cpa.erp.feaa.AllowedScopeTest" time="0.007"/>
  <testcase name="orderLineSet" classname="au.edu.sydney.cpa.erp.feaa.AllowedScopeTest" time="0.006"/>
  <testcase name="getAllClientIDs" classname="au.edu.sydney.cpa.erp.feaa.AllowedScopeTest" time="0.012"/>
  <testcase name="createOrder" classname="au.edu.sydney.cpa.erp.feaa.AllowedScopeTest" time="0.01"/>
  <testcase name="getClient" classname="au.edu.sydney.cpa.erp.feaa.AllowedScopeTest" time="0.013"/>
  <testcase name="removeOrder" classname="au.edu.sydney.cpa.erp.feaa.AllowedScopeTest" time="0.023"/>
  <testcase name="getOrderShortDesc" classname="au.edu.sydney.cpa.erp.feaa.AllowedScopeTest" time="0.009"/>
  <testcase name="login" classname="au.edu.sydney.cpa.erp.feaa.AllowedScopeTest" time="0.004"/>
  <testcase name="getAllOrders" classname="au.edu.sydney.cpa.erp.feaa.AllowedScopeTest" time="0.006"/>
  <system-out><![CDATA[]]></system-out>
  <system-err><![CDATA[]]></system-err>
</testsuite>
