<?xml version="1.0" encoding="UTF-8"?>
<testsuite name="au.edu.sydney.cpa.erp.feaa.AllowedScopeTest" tests="22" skipped="0" failures="0" errors="0" timestamp="2020-05-26T09:25:19" hostname="DESKTOP-FLQN2VT" time="100.817">
  <properties/>
  <testcase name="createOrder" classname="au.edu.sydney.cpa.erp.feaa.AllowedScopeTest" time="3.866"/>
  <testcase name="getAllOrders" classname="au.edu.sydney.cpa.erp.feaa.AllowedScopeTest" time="0.077"/>
  <testcase name="finaliseOrder" classname="au.edu.sydney.cpa.erp.feaa.AllowedScopeTest" time="0.084"/>
  <testcase name="getOrderTotalCost" classname="au.edu.sydney.cpa.erp.feaa.AllowedScopeTest" time="0.011"/>
  <testcase name="getOrderShortDesc" classname="au.edu.sydney.cpa.erp.feaa.AllowedScopeTest" time="0.024"/>
  <testcase name="orderLineSet" classname="au.edu.sydney.cpa.erp.feaa.AllowedScopeTest" time="0.112"/>
  <testcase name="login" classname="au.edu.sydney.cpa.erp.feaa.AllowedScopeTest" time="0.009"/>
  <testcase name="logout" classname="au.edu.sydney.cpa.erp.feaa.AllowedScopeTest" time="0.111"/>
  <testcase name="getClient" classname="au.edu.sydney.cpa.erp.feaa.AllowedScopeTest" time="0.019"/>
  <testcase name="removeOrder" classname="au.edu.sydney.cpa.erp.feaa.AllowedScopeTest" time="0.015"/>
  <testcase name="getOrderLongDesc" classname="au.edu.sydney.cpa.erp.feaa.AllowedScopeTest" time="0.009"/>
  <testcase name="getAllClientIDs" classname="au.edu.sydney.cpa.erp.feaa.AllowedScopeTest" time="0.009"/>
  <testcase name="getAllReports" classname="au.edu.sydney.cpa.erp.feaa.AllowedScopeTest" time="95.473"/>
  <testcase name="testOrderCriticalRegularSched" classname="au.edu.sydney.cpa.erp.feaa.AllowedScopeTest" time="0.155"/>
  <testcase name="testOrderStandardRegularSched" classname="au.edu.sydney.cpa.erp.feaa.AllowedScopeTest" time="0.119"/>
  <testcase name="testOrderCriticalAudit" classname="au.edu.sydney.cpa.erp.feaa.AllowedScopeTest" time="0.118"/>
  <testcase name="testOrderCriticalAuditSched" classname="au.edu.sydney.cpa.erp.feaa.AllowedScopeTest" time="0.121"/>
  <testcase name="testOrderStandardRegular" classname="au.edu.sydney.cpa.erp.feaa.AllowedScopeTest" time="0.117"/>
  <testcase name="testOrderCriticalRegular" classname="au.edu.sydney.cpa.erp.feaa.AllowedScopeTest" time="0.11"/>
  <testcase name="testOrderStandardAuditSched" classname="au.edu.sydney.cpa.erp.feaa.AllowedScopeTest" time="0.114"/>
  <testcase name="getKnownContactMethods" classname="au.edu.sydney.cpa.erp.feaa.AllowedScopeTest" time="0.004"/>
  <testcase name="testOrderStandardAudit" classname="au.edu.sydney.cpa.erp.feaa.AllowedScopeTest" time="0.112"/>
  <system-out><![CDATA[RAM: 416MB
]]></system-out>
  <system-err><![CDATA[]]></system-err>
</testsuite>
